Determining if the pthread_create exist failed with the following output:
Change Dir: /home/kog/lchpro/app/screening_tracking/struck/build/CMakeFiles/CMakeTmp

Run Build Command:"/usr/bin/make" "cmTC_5e248/fast"
/usr/bin/make -f CMakeFiles/cmTC_5e248.dir/build.make CMakeFiles/cmTC_5e248.dir/build
make[1]: Entering directory '/home/kog/lchpro/app/screening_tracking/struck/build/CMakeFiles/CMakeTmp'
Building C object CMakeFiles/cmTC_5e248.dir/CheckSymbolExists.c.o
/usr/bin/cc    -fPIC    -o CMakeFiles/cmTC_5e248.dir/CheckSymbolExists.c.o   -c /home/kog/lchpro/app/screening_tracking/struck/build/CMakeFiles/CMakeTmp/CheckSymbolExists.c
Linking C executable cmTC_5e248
/usr/bin/cmake -E cmake_link_script CMakeFiles/cmTC_5e248.dir/link.txt --verbose=1
/usr/bin/cc  -fPIC     CMakeFiles/cmTC_5e248.dir/CheckSymbolExists.c.o  -o cmTC_5e248 -rdynamic 
CMakeFiles/cmTC_5e248.dir/CheckSymbolExists.c.o: In function `main':
CheckSymbolExists.c:(.text+0x1b): undefined reference to `pthread_create'
collect2: error: ld returned 1 exit status
CMakeFiles/cmTC_5e248.dir/build.make:97: recipe for target 'cmTC_5e248' failed
make[1]: *** [cmTC_5e248] Error 1
make[1]: Leaving directory '/home/kog/lchpro/app/screening_tracking/struck/build/CMakeFiles/CMakeTmp'
Makefile:126: recipe for target 'cmTC_5e248/fast' failed
make: *** [cmTC_5e248/fast] Error 2

File /home/kog/lchpro/app/screening_tracking/struck/build/CMakeFiles/CMakeTmp/CheckSymbolExists.c:
/* */
#include <pthread.h>

int main(int argc, char** argv)
{
  (void)argv;
#ifndef pthread_create
  return ((int*)(&pthread_create))[argc];
#else
  (void)argc;
  return 0;
#endif
}

Determining if the function pthread_create exists in the pthreads failed with the following output:
Change Dir: /home/kog/lchpro/app/screening_tracking/struck/build/CMakeFiles/CMakeTmp

Run Build Command:"/usr/bin/make" "cmTC_602a9/fast"
/usr/bin/make -f CMakeFiles/cmTC_602a9.dir/build.make CMakeFiles/cmTC_602a9.dir/build
make[1]: Entering directory '/home/kog/lchpro/app/screening_tracking/struck/build/CMakeFiles/CMakeTmp'
Building C object CMakeFiles/cmTC_602a9.dir/CheckFunctionExists.c.o
/usr/bin/cc    -fPIC -DCHECK_FUNCTION_EXISTS=pthread_create   -o CMakeFiles/cmTC_602a9.dir/CheckFunctionExists.c.o   -c /usr/share/cmake-3.5/Modules/CheckFunctionExists.c
Linking C executable cmTC_602a9
/usr/bin/cmake -E cmake_link_script CMakeFiles/cmTC_602a9.dir/link.txt --verbose=1
/usr/bin/cc  -fPIC -DCHECK_FUNCTION_EXISTS=pthread_create    CMakeFiles/cmTC_602a9.dir/CheckFunctionExists.c.o  -o cmTC_602a9 -rdynamic -lpthreads 
/usr/bin/ld: cannot find -lpthreads
collect2: error: ld returned 1 exit status
CMakeFiles/cmTC_602a9.dir/build.make:97: recipe for target 'cmTC_602a9' failed
make[1]: *** [cmTC_602a9] Error 1
make[1]: Leaving directory '/home/kog/lchpro/app/screening_tracking/struck/build/CMakeFiles/CMakeTmp'
Makefile:126: recipe for target 'cmTC_602a9/fast' failed
make: *** [cmTC_602a9/fast] Error 2


